This is pdfTeX, Version 3.1415926-2.3-1.40.12 (MiKTeX 2.9) (preloaded format=pdflatex 2016.10.9)  25 JAN 2020 23:41
entering extended mode
**C:/Users/Administrator/Desktop/winter*quarter/MAE145/Homework/Homework3/repor
t.tex

("C:/Users/Administrator/Desktop/winter quarter/MAE145/Homework/Homework3/repor
t.tex"
LaTeX2e <2011/06/27>
Babel <v3.8m> and hyphenation patterns for loaded.
(G:\LaTex\CTEX\MiKTeX\tex\latex\base\article.cls
Document Class: article 2007/10/19 v1.4h Standard LaTeX document class
(G:\LaTex\CTEX\MiKTeX\tex\latex\base\size11.clo
File: size11.clo 2007/10/19 v1.4h Standard LaTeX file (size option)
)
\c@part=\count79
\c@section=\count80
\c@subsection=\count81
\c@subsubsection=\count82
\c@paragraph=\count83
\c@subparagraph=\count84
\c@figure=\count85
\c@table=\count86
\abovecaptionskip=\skip41
\belowcaptionskip=\skip42
\bibindent=\dimen102
)
(G:\LaTex\CTEX\MiKTeX\tex\latex\float\float.sty
Package: float 2001/11/08 v1.3d Float enhancements (AL)
\c@float@type=\count87
\float@exts=\toks14
\float@box=\box26
\@float@everytoks=\toks15
\@floatcapt=\box27
)
(G:\LaTex\CTEX\MiKTeX\tex\latex\ams\math\amsmath.sty
Package: amsmath 2000/07/18 v2.13 AMS math features
\@mathmargin=\skip43

For additional information on amsmath, use the `?' option.
(G:\LaTex\CTEX\MiKTeX\tex\latex\ams\math\amstext.sty
Package: amstext 2000/06/29 v2.01

(G:\LaTex\CTEX\MiKTeX\tex\latex\ams\math\amsgen.sty
File: amsgen.sty 1999/11/30 v2.0
\@emptytoks=\toks16
\ex@=\dimen103
))
(G:\LaTex\CTEX\MiKTeX\tex\latex\ams\math\amsbsy.sty
Package: amsbsy 1999/11/29 v1.2d
\pmbraise@=\dimen104
)
(G:\LaTex\CTEX\MiKTeX\tex\latex\ams\math\amsopn.sty
Package: amsopn 1999/12/14 v2.01 operator names
)
\inf@bad=\count88
LaTeX Info: Redefining \frac on input line 211.
\uproot@=\count89
\leftroot@=\count90
LaTeX Info: Redefining \overline on input line 307.
\classnum@=\count91
\DOTSCASE@=\count92
LaTeX Info: Redefining \ldots on input line 379.
LaTeX Info: Redefining \dots on input line 382.
LaTeX Info: Redefining \cdots on input line 467.
\Mathstrutbox@=\box28
\strutbox@=\box29
\big@size=\dimen105
LaTeX Font Info:    Redeclaring font encoding OML on input line 567.
LaTeX Font Info:    Redeclaring font encoding OMS on input line 568.
\macc@depth=\count93
\c@MaxMatrixCols=\count94
\dotsspace@=\muskip10
\c@parentequation=\count95
\dspbrk@lvl=\count96
\tag@help=\toks17
\row@=\count97
\column@=\count98
\maxfields@=\count99
\andhelp@=\toks18
\eqnshift@=\dimen106
\alignsep@=\dimen107
\tagshift@=\dimen108
\tagwidth@=\dimen109
\totwidth@=\dimen110
\lineht@=\dimen111
\@envbody=\toks19
\multlinegap=\skip44
\multlinetaggap=\skip45
\mathdisplay@stack=\toks20
LaTeX Info: Redefining \[ on input line 2666.
LaTeX Info: Redefining \] on input line 2667.
)
(G:\LaTex\CTEX\MiKTeX\tex\latex\diagbox\diagbox.sty
Package: diagbox 2011/11/23 v2.0 Making table heads with diagonal lines

(G:\LaTex\CTEX\MiKTeX\tex\latex\graphics\keyval.sty
Package: keyval 1999/03/16 v1.13 key=value parser (DPC)
\KV@toks@=\toks21
)
(G:\LaTex\CTEX\MiKTeX\tex\latex\pict2e\pict2e.sty
Package: pict2e 2011/04/05 v0.2y Improved picture commands (HjG,RN,JT)

(G:\LaTex\CTEX\MiKTeX\tex\latex\00miktex\pict2e.cfg
File: pict2e.cfg 2005/12/29 v1.0 MiKTeX 'pict2e' configuration
)
Package pict2e Info: Driver file: pdftex.def on input line 119.

(G:\LaTex\CTEX\MiKTeX\tex\latex\pdftex-def\pdftex.def
File: pdftex.def 2011/05/27 v0.06d Graphics/color for pdfTeX

(G:\LaTex\CTEX\MiKTeX\tex\generic\oberdiek\infwarerr.sty
Package: infwarerr 2010/04/08 v1.3 Providing info/warning/message (HO)
)
(G:\LaTex\CTEX\MiKTeX\tex\generic\oberdiek\ltxcmds.sty
Package: ltxcmds 2011/04/18 v1.20 LaTeX kernel commands for general use (HO)
)
\Gread@gobject=\count100
)
Package pict2e Info: Driver file for pict2e: p2e-pdftex.def on input line 121.

(G:\LaTex\CTEX\MiKTeX\tex\latex\pict2e\p2e-pdftex.def
File: p2e-pdftex.def 2011/04/05 v0.1t Driver-dependant file (RN,HjG,JT)
)
(G:\LaTex\CTEX\MiKTeX\tex\latex\graphics\trig.sty
Package: trig 1999/03/16 v1.09 sin cos tan (DPC)
)
\pIIe@GRAPH=\toks22
\@arclen=\dimen112
\@arcrad=\dimen113
\@tempdimd=\dimen114
)
(G:\LaTex\CTEX\MiKTeX\tex\latex\fp\fp.sty
Package: fp 1995/04/02

`Fixed Point Package', Version 0.8, April 2, 1995 (C) Michael Mehlich
(G:\LaTex\CTEX\MiKTeX\tex\latex\fp\defpattern.sty
Package: defpattern 1994/10/12
\actioncount=\count101
)
(G:\LaTex\CTEX\MiKTeX\tex\latex\fp\fp-basic.sty
Package: fp-basic 1996/05/13
\FP@xs=\count102
\FP@xia=\count103
\FP@xib=\count104
\FP@xfa=\count105
\FP@xfb=\count106
\FP@rega=\count107
\FP@regb=\count108
\FP@regs=\count109
\FP@times=\count110
)
(G:\LaTex\CTEX\MiKTeX\tex\latex\fp\fp-addons.sty
Package: fp-addons 1995/03/15
)
(G:\LaTex\CTEX\MiKTeX\tex\latex\fp\fp-snap.sty
Package: fp-snap 1995/04/05
)
(G:\LaTex\CTEX\MiKTeX\tex\latex\fp\fp-exp.sty
Package: fp-exp 1995/04/03
)
(G:\LaTex\CTEX\MiKTeX\tex\latex\fp\fp-trigo.sty
Package: fp-trigo 1995/04/14
)
(G:\LaTex\CTEX\MiKTeX\tex\latex\fp\fp-pas.sty
Package: fp-pas 1994/08/29
)
(G:\LaTex\CTEX\MiKTeX\tex\latex\fp\fp-random.sty
Package: fp-random 1995/02/23
\FPseed=\count111
)
(G:\LaTex\CTEX\MiKTeX\tex\latex\fp\fp-eqn.sty
Package: fp-eqn 1995/04/03
)
(G:\LaTex\CTEX\MiKTeX\tex\latex\fp\fp-upn.sty
Package: fp-upn 1996/10/21
)
(G:\LaTex\CTEX\MiKTeX\tex\latex\fp\fp-eval.sty
Package: fp-eval 1995/04/03
))
\diagbox@boxa=\box30
\diagbox@boxb=\box31
\diagbox@boxm=\box32
\diagbox@wd=\dimen115
\diagbox@ht=\dimen116
\diagbox@sepl=\dimen117
\diagbox@sepr=\dimen118
)
(G:\LaTex\CTEX\MiKTeX\tex\latex\graphics\color.sty
Package: color 2005/11/14 v1.0j Standard LaTeX Color (DPC)

(G:\LaTex\CTEX\MiKTeX\tex\latex\00miktex\color.cfg
File: color.cfg 2007/01/18 v1.5 color configuration of teTeX/TeXLive
)
Package color Info: Driver file: pdftex.def on input line 130.
)
(G:\LaTex\CTEX\MiKTeX\tex\latex\psnfss\palatino.sty
Package: palatino 2005/04/12 PSNFSS-v9.2a (SPQR) 
)
(G:\LaTex\CTEX\MiKTeX\tex\latex\geometry\geometry.sty
Package: geometry 2010/09/12 v5.6 Page Geometry

(G:\LaTex\CTEX\MiKTeX\tex\generic\oberdiek\ifpdf.sty
Package: ifpdf 2011/01/30 v2.3 Provides the ifpdf switch (HO)
Package ifpdf Info: pdfTeX in PDF mode is detected.
)
(G:\LaTex\CTEX\MiKTeX\tex\generic\oberdiek\ifvtex.sty
Package: ifvtex 2010/03/01 v1.5 Switches for detecting VTeX and its modes (HO)
Package ifvtex Info: VTeX not detected.
)
(G:\LaTex\CTEX\MiKTeX\tex\generic\ifxetex\ifxetex.sty
Package: ifxetex 2010/09/12 v0.6 Provides ifxetex conditional
)
\Gm@cnth=\count112
\Gm@cntv=\count113
\c@Gm@tempcnt=\count114
\Gm@bindingoffset=\dimen119
\Gm@wd@mp=\dimen120
\Gm@odd@mp=\dimen121
\Gm@even@mp=\dimen122
\Gm@layoutwidth=\dimen123
\Gm@layoutheight=\dimen124
\Gm@layouthoffset=\dimen125
\Gm@layoutvoffset=\dimen126
\Gm@dimlist=\toks23

(G:\LaTex\CTEX\MiKTeX\tex\latex\geometry\geometry.cfg))
(G:\LaTex\CTEX\MiKTeX\tex\latex\setspace\setspace.sty
Package: setspace 2011/12/19 v6.7a set line spacing
)
(G:\LaTex\CTEX\MiKTeX\tex\latex\graphics\graphicx.sty
Package: graphicx 1999/02/16 v1.0f Enhanced LaTeX Graphics (DPC,SPQR)

(G:\LaTex\CTEX\MiKTeX\tex\latex\graphics\graphics.sty
Package: graphics 2009/02/05 v1.0o Standard LaTeX Graphics (DPC,SPQR)

(G:\LaTex\CTEX\MiKTeX\tex\latex\00miktex\graphics.cfg
File: graphics.cfg 2007/01/18 v1.5 graphics configuration of teTeX/TeXLive
)
Package graphics Info: Driver file: pdftex.def on input line 91.
)
\Gin@req@height=\dimen127
\Gin@req@width=\dimen128
)
\c@law=\count115
\c@mur=\count116

(G:\LaTex\CTEX\MiKTeX\tex\latex\listings\listings.sty
\lst@mode=\count117
\lst@gtempboxa=\box33
\lst@token=\toks24
\lst@length=\count118
\lst@currlwidth=\dimen129
\lst@column=\count119
\lst@pos=\count120
\lst@lostspace=\dimen130
\lst@width=\dimen131
\lst@newlines=\count121
\lst@lineno=\count122
\lst@maxwidth=\dimen132

(G:\LaTex\CTEX\MiKTeX\tex\latex\listings\lstmisc.sty
File: lstmisc.sty 2007/02/22 1.4 (Carsten Heinz)
\c@lstnumber=\count123
\lst@skipnumbers=\count124
\lst@framebox=\box34
)
(G:\LaTex\CTEX\MiKTeX\tex\latex\listings\listings.cfg
File: listings.cfg 2007/02/22 1.4 listings configuration
))
Package: listings 2007/02/22 1.4 (Carsten Heinz)

(G:\LaTex\CTEX\MiKTeX\tex\latex\listings\lstlang1.sty
File: lstlang1.sty 2004/09/05 1.3 listings language file
)
("C:\Users\Administrator\Desktop\winter quarter\MAE145\Homework\Homework3\repor
t.aux"

LaTeX Warning: Label `fig:7' multiply defined.


LaTeX Warning: Label `fig:12' multiply defined.

)
LaTeX Font Info:    Checking defaults for OML/cmm/m/it on input line 67.
LaTeX Font Info:    ... okay on input line 67.
LaTeX Font Info:    Checking defaults for T1/cmr/m/n on input line 67.
LaTeX Font Info:    ... okay on input line 67.
LaTeX Font Info:    Checking defaults for OT1/cmr/m/n on input line 67.
LaTeX Font Info:    ... okay on input line 67.
LaTeX Font Info:    Checking defaults for OMS/cmsy/m/n on input line 67.
LaTeX Font Info:    ... okay on input line 67.
LaTeX Font Info:    Checking defaults for OMX/cmex/m/n on input line 67.
LaTeX Font Info:    ... okay on input line 67.
LaTeX Font Info:    Checking defaults for U/cmr/m/n on input line 67.
LaTeX Font Info:    ... okay on input line 67.
LaTeX Font Info:    Try loading font information for OT1+ppl on input line 67.
 (G:\LaTex\CTEX\MiKTeX\tex\latex\psnfss\ot1ppl.fd
File: ot1ppl.fd 2001/06/04 font definitions for OT1/ppl.
)
(G:\LaTex\CTEX\MiKTeX\tex\context\base\supp-pdf.mkii
[Loading MPS to PDF converter (version 2006.09.02).]
\scratchcounter=\count125
\scratchdimen=\dimen133
\scratchbox=\box35
\nofMPsegments=\count126
\nofMParguments=\count127
\everyMPshowfont=\toks25
\MPscratchCnt=\count128
\MPscratchDim=\dimen134
\MPnumerator=\count129
\makeMPintoPDFobject=\count130
\everyMPtoPDFconversion=\toks26
)
*geometry* driver: auto-detecting
*geometry* detected driver: pdftex
*geometry* verbose mode - [ preamble ] result:
* driver: pdftex
* paper: a4paper
* layout: <same size as paper>
* layoutoffset:(h,v)=(0.0pt,0.0pt)
* modes: 
* h-part:(L,W,R)=(89.62709pt, 418.25368pt, 89.6271pt)
* v-part:(T,H,B)=(101.40665pt, 591.5302pt, 152.11pt)
* \paperwidth=597.50787pt
* \paperheight=845.04684pt
* \textwidth=418.25368pt
* \textheight=591.5302pt
* \oddsidemargin=17.3571pt
* \evensidemargin=17.3571pt
* \topmargin=-7.86334pt
* \headheight=12.0pt
* \headsep=25.0pt
* \topskip=11.0pt
* \footskip=30.0pt
* \marginparwidth=50.0pt
* \marginparsep=10.0pt
* \columnsep=10.0pt
* \skip\footins=10.0pt plus 4.0pt minus 2.0pt
* \hoffset=0.0pt
* \voffset=0.0pt
* \mag=1000
* \@twocolumnfalse
* \@twosidefalse
* \@mparswitchfalse
* \@reversemarginfalse
* (1in=72.27pt=25.4mm, 1cm=28.453pt)

\c@lstlisting=\count131
LaTeX Font Info:    Font shape `OT1/ppl/bx/n' in size <14.4> not available
(Font)              Font shape `OT1/ppl/b/n' tried instead on input line 77.
LaTeX Font Info:    Font shape `OT1/ppl/bx/n' in size <12> not available
(Font)              Font shape `OT1/ppl/b/n' tried instead on input line 78.
<1.png, id=1, 467.94826pt x 358.941pt>
File: 1.png Graphic file (type png)
 <use 1.png>
Package pdftex.def Info: 1.png used on input line 82.
(pdftex.def)             Requested size: 467.94711pt x 358.94011pt.
LaTeX Font Info:    Font shape `OT1/ppl/bx/n' in size <10.95> not available
(Font)              Font shape `OT1/ppl/b/n' tried instead on input line 87.
 [1

{G:/LaTex/CTEX/UserData/pdftex/config/pdftex.map{Unicode.sfd}{UGBK.sfd}} <C:/Us
ers/Administrator/Desktop/winter quarter/MAE145/Homework/Homework3/1.png>]

LaTeX Warning: Reference `fig:case33' on page 2 undefined on input line 93.

<2.png, id=10, 486.618pt x 343.2825pt>
File: 2.png Graphic file (type png)
 <use 2.png>
Package pdftex.def Info: 2.png used on input line 98.
(pdftex.def)             Requested size: 486.6168pt x 343.28165pt.
 [2] [3 <C:/Users/Administrator/Desktop/winter quarter/MAE145/Homework/Homework
3/2.png>]
LaTeX Font Info:    Try loading font information for OMS+ppl on input line 110.


(G:\LaTex\CTEX\MiKTeX\tex\latex\psnfss\omsppl.fd
File: omsppl.fd 
)
LaTeX Font Info:    Font shape `OMS/ppl/m/n' in size <10.95> not available
(Font)              Font shape `OMS/cmsy/m/n' tried instead on input line 110.

Overfull \hbox (5.15086pt too wide) in paragraph at lines 112--113
\OT1/ppl/m/n/10.95 the found n-odes are $\OML/cmm/m/it/10.95 i[]; i[]:::i[]$\OT
1/ppl/m/n/10.95 . We then set these en-tries in the ma-trix $\OT1/cmr/m/n/10.95
 (\OML/cmm/m/it/10.95 i; i[]\OT1/cmr/m/n/10.95 )\OML/cmm/m/it/10.95 and\OT1/cmr
/m/n/10.95 (\OML/cmm/m/it/10.95 i[]; i\OT1/cmr/m/n/10.95 )\OML/cmm/m/it/10.95 ;
$ 
 []


Overfull \hbox (23.96753pt too wide) in paragraph at lines 116--117
[]\OT1/ppl/m/n/10.95 for each n-ode, I check whether the en-try in the I-den-ti
-ty ma-trix at $\OT1/cmr/m/n/10.95 (\OML/cmm/m/it/10.95 i[]; \OT1/cmr/m/n/10.95
 (\OML/cmm/m/it/10.95 i[]\OT1/cmr/m/n/10.95 )[])\OML/cmm/m/it/10.95 and\OT1/cmr
/m/n/10.95 ((\OML/cmm/m/it/10.95 i[]\OT1/cmr/m/n/10.95 )[]\OML/cmm/m/it/10.95 ;
 i[]\OT1/cmr/m/n/10.95 )\OML/cmm/m/it/10.95 ;$ 
 []

LaTeX Font Info:    Try loading font information for OT1+pcr on input line 128.

(G:\LaTex\CTEX\MiKTeX\tex\latex\psnfss\ot1pcr.fd
File: ot1pcr.fd 2001/06/04 font definitions for OT1/pcr.
) [4]
<3.png, id=27, 595.62524pt x 396.2805pt>
File: 3.png Graphic file (type png)
 <use 3.png>
Package pdftex.def Info: 3.png used on input line 162.
(pdftex.def)             Requested size: 595.62378pt x 396.27953pt.
 [5]
<4.png, id=32, 466.74374pt x 177.0615pt>
File: 4.png Graphic file (type png)
 <use 4.png>
Package pdftex.def Info: 4.png used on input line 168.
(pdftex.def)             Requested size: 466.7426pt x 177.06104pt.
 [6 <C:/Users/Administrator/Desktop/winter quarter/MAE145/Homework/Homework3/3.
png>]
<5.png, id=37, 280.04625pt x 122.859pt>
File: 5.png Graphic file (type png)
 <use 5.png>
Package pdftex.def Info: 5.png used on input line 174.
(pdftex.def)             Requested size: 280.04555pt x 122.85867pt.
 [7 <C:/Users/Administrator/Desktop/winter quarter/MAE145/Homework/Homework3/4.
png>] [8 <C:/Users/Administrator/Desktop/winter quarter/MAE145/Homework/Homewor
k3/5.png>] [9]
<6.png, id=50, 358.33875pt x 224.63925pt>
File: 6.png Graphic file (type png)
 <use 6.png>
Package pdftex.def Info: 6.png used on input line 240.
(pdftex.def)             Requested size: 358.33788pt x 224.63869pt.

<7.png, id=51, 312.56775pt x 171.64125pt>
File: 7.png Graphic file (type png)
 <use 7.png>
Package pdftex.def Info: 7.png used on input line 245.
(pdftex.def)             Requested size: 312.56697pt x 171.64081pt.

<8.png, id=52, 609.477pt x 81.30376pt>
File: 8.png Graphic file (type png)
 <use 8.png>
Package pdftex.def Info: 8.png used on input line 250.
(pdftex.def)             Requested size: 609.47552pt x 81.30354pt.

Overfull \hbox (8.53542pt too wide) in paragraph at lines 250--251
 [][] 
 []

[10 <C:/Users/Administrator/Desktop/winter quarter/MAE145/Homework/Homework3/6.
png>] <9.png, id=57, 380.622pt x 207.174pt>
File: 9.png Graphic file (type png)
 <use 9.png>
Package pdftex.def Info: 9.png used on input line 256.
(pdftex.def)             Requested size: 380.62105pt x 207.17348pt.

<10.png, id=58, 301.125pt x 173.448pt>
File: 10.png Graphic file (type png)
 <use 10.png>
Package pdftex.def Info: 10.png used on input line 261.
(pdftex.def)             Requested size: 301.12425pt x 173.44757pt.
 [11 <C:/Users/Administrator/Desktop/winter quarter/MAE145/Homework/Homework3/7
.png> <C:/Users/Administrator/Desktop/winter quarter/MAE145/Homework/Homework3/
8.png>]
<11.png, id=64, 608.87476pt x 48.78226pt>
File: 11.png Graphic file (type png)
 <use 11.png>
Package pdftex.def Info: 11.png used on input line 266.
(pdftex.def)             Requested size: 608.87326pt x 48.78212pt.

Overfull \hbox (8.55034pt too wide) in paragraph at lines 266--267
 [][] 
 []

[12 <C:/Users/Administrator/Desktop/winter quarter/MAE145/Homework/Homework3/9.
png> <C:/Users/Administrator/Desktop/winter quarter/MAE145/Homework/Homework3/1
0.png>] <12.png, id=70, 396.2805pt x 294.50024pt>
File: 12.png Graphic file (type png)
 <use 12.png>
Package pdftex.def Info: 12.png used on input line 287.
(pdftex.def)             Requested size: 396.27953pt x 294.49951pt.

<13.png, id=71, 333.6465pt x 260.172pt>
File: 13.png Graphic file (type png)
 <use 13.png>
Package pdftex.def Info: 13.png used on input line 292.
(pdftex.def)             Requested size: 333.64568pt x 260.17134pt.
 [13 <C:/Users/Administrator/Desktop/winter quarter/MAE145/Homework/Homework3/1
1.png>]
<14.png, id=77, 545.6385pt x 63.8385pt>
File: 14.png Graphic file (type png)
 <use 14.png>
Package pdftex.def Info: 14.png used on input line 297.
(pdftex.def)             Requested size: 545.63716pt x 63.83833pt.

Overfull \hbox (8.54155pt too wide) in paragraph at lines 297--298
 [][] 
 []

[14 <C:/Users/Administrator/Desktop/winter quarter/MAE145/Homework/Homework3/12
.png> <C:/Users/Administrator/Desktop/winter quarter/MAE145/Homework/Homework3/
13.png>] <15.png, id=83, 639.5895pt x 333.6465pt>
File: 15.png Graphic file (type png)
 <use 15.png>
Package pdftex.def Info: 15.png used on input line 307.
(pdftex.def)             Requested size: 639.58792pt x 333.64568pt.

<16.png, id=84, 207.77625pt x 443.256pt>
File: 16.png Graphic file (type png)
 <use 16.png>
Package pdftex.def Info: 16.png used on input line 313.
(pdftex.def)             Requested size: 207.77573pt x 443.25491pt.

<17.png, id=85, 591.4095pt x 77.69025pt>
File: 17.png Graphic file (type png)
 <use 17.png>
Package pdftex.def Info: 17.png used on input line 318.
(pdftex.def)             Requested size: 591.40805pt x 77.69003pt.

Overfull \hbox (8.53545pt too wide) in paragraph at lines 318--319
 [][] 
 []

[15 <C:/Users/Administrator/Desktop/winter quarter/MAE145/Homework/Homework3/14
.png> <C:/Users/Administrator/Desktop/winter quarter/MAE145/Homework/Homework3/
15.png>]
Overfull \vbox (61.12263pt too high) has occurred while \output is active []


[16 <C:/Users/Administrator/Desktop/winter quarter/MAE145/Homework/Homework3/16
.png>] [17 <C:/Users/Administrator/Desktop/winter quarter/MAE145/Homework/Homew
ork3/17.png>]
("C:\Users\Administrator\Desktop\winter quarter\MAE145\Homework\Homework3\repor
t.aux")

LaTeX Warning: There were undefined references.


LaTeX Warning: There were multiply-defined labels.

 ) 
Here is how much of TeX's memory you used:
 4778 strings out of 495354
 61944 string characters out of 3183523
 209918 words of memory out of 3000000
 7838 multiletter control sequences out of 15000+200000
 15832 words of font info for 46 fonts, out of 3000000 for 9000
 14 hyphenation exceptions out of 8191
 32i,8n,40p,847b,1516s stack positions out of 5000i,500n,10000p,200000b,50000s
{G:/LaTex/CTEX/MiKTeX/fonts/enc/dvips/fontname/8r.enc}<G:/LaTex/CTEX/MiKTeX/f
onts/type1/public/amsfonts/cm/cmex10.pfb><G:/LaTex/CTEX/MiKTeX/fonts/type1/publ
ic/amsfonts/cm/cmmi10.pfb><G:/LaTex/CTEX/MiKTeX/fonts/type1/public/amsfonts/cm/
cmmi8.pfb><G:/LaTex/CTEX/MiKTeX/fonts/type1/public/amsfonts/cm/cmr10.pfb><G:/La
Tex/CTEX/MiKTeX/fonts/type1/public/amsfonts/cm/cmr8.pfb><G:/LaTex/CTEX/MiKTeX/f
onts/type1/public/amsfonts/cm/cmsy10.pfb><G:/LaTex/CTEX/MiKTeX/fonts/type1/urw/
courier/ucrr8a.pfb><G:/LaTex/CTEX/MiKTeX/fonts/type1/urw/palatino/uplb8a.pfb><G
:/LaTex/CTEX/MiKTeX/fonts/type1/urw/palatino/uplr8a.pfb>
Output written on report.pdf (17 pages, 429987 bytes).
PDF statistics:
 129 PDF objects out of 1000 (max. 8388607)
 0 named destinations out of 1000 (max. 500000)
 86 words of extra memory for PDF output out of 10000 (max. 10000000)

